<?xml version="1.0" encoding="UTF-8"?>
<!-- Generated by org.testng.reporters.JUnitReportReporter -->
<testsuite hostname="Surya" failures="0" tests="2" name="qaclickacademy.RestApiTest" time="0.016" errors="0" timestamp="2021-05-19T11:28:46 IST" skipped="0">
  <testcase classname="qaclickacademy.RestApiTest" name="deleteTwitter" time="0.010"/>
  <system-out/>
  <testcase classname="qaclickacademy.RestApiTest" name="postJira" time="0.006"/>
  <system-out/>
</testsuite> <!-- qaclickacademy.RestApiTest -->
