<?xml version="1.0" encoding="UTF-8"?>
<!-- Generated by org.testng.reporters.JUnitReportReporter -->
<testsuite hostname="Surya" failures="0" tests="2" name="qaclickacademy.SeleniumTest" time="0.007" errors="0" timestamp="2021-05-19T11:28:46 IST" skipped="0">
  <testcase classname="qaclickacademy.SeleniumTest" name="sleniumTest" time="0.004"/>
  <system-out/>
  <testcase classname="qaclickacademy.SeleniumTest" name="uiInternal" time="0.003"/>
  <system-out/>
</testsuite> <!-- qaclickacademy.SeleniumTest -->
