<?xml version="1.0" encoding="UTF-8"?>
<!-- Generated by org.testng.reporters.JUnitReportReporter -->
<testsuite skipped="0" hostname="Surya" name="qaclickacademy.SeleniumTest" tests="2" failures="0" timestamp="2021-05-18T19:33:45 IST" time="0.000" errors="0">
  <testcase name="sleniumTest" time="0.000" classname="qaclickacademy.SeleniumTest"/>
  <system-out/>
  <testcase name="uiInternal" time="0.000" classname="qaclickacademy.SeleniumTest"/>
  <system-out/>
</testsuite> <!-- qaclickacademy.SeleniumTest -->
