<?xml version="1.0" encoding="UTF-8"?>
<!-- Generated by org.testng.reporters.JUnitReportReporter -->
<testsuite skipped="0" hostname="Surya" name="qaclickacademy.RestApiTest" tests="2" failures="0" timestamp="2021-05-18T19:33:45 IST" time="0.015" errors="0">
  <testcase name="deleteTwitter" time="0.015" classname="qaclickacademy.RestApiTest"/>
  <system-out/>
  <testcase name="postJira" time="0.000" classname="qaclickacademy.RestApiTest"/>
  <system-out/>
</testsuite> <!-- qaclickacademy.RestApiTest -->
